7/20/2020 5:10:15 PM	This log contains information about the import schema operation into project 'SQL Database' on computer 'FARIDUNBERDIEVJ' by user 'admin'.
7/20/2020 5:10:15 PM	Import of database schema has started.
7/20/2020 5:10:24 PM	Gathering database credentials
7/20/2020 5:10:24 PM	Gathering database options
7/20/2020 5:10:24 PM	Gathering generic database scoped configuration option
7/20/2020 5:10:24 PM	Gathering users
7/20/2020 5:10:24 PM	Gathering roles
7/20/2020 5:10:24 PM	Gathering application roles
7/20/2020 5:10:24 PM	Gathering role memberships
7/20/2020 5:10:24 PM	Gathering filegroups
7/20/2020 5:10:24 PM	Gathering full-text catalogs
7/20/2020 5:10:24 PM	Gathering assemblies
7/20/2020 5:10:24 PM	Gathering certificates
7/20/2020 5:10:24 PM	Gathering asymmetric keys
7/20/2020 5:10:24 PM	Gathering symmetric keys
7/20/2020 5:10:24 PM	Gathering encrypted symmetric keys
7/20/2020 5:10:24 PM	Gathering schemas
7/20/2020 5:10:24 PM	Gathering XML schema collections
7/20/2020 5:10:24 PM	Gathering user-defined data types
7/20/2020 5:10:24 PM	Gathering user-defined types
7/20/2020 5:10:24 PM	Gathering table types
7/20/2020 5:10:24 PM	Gathering unique keys for table types
7/20/2020 5:10:24 PM	Gathering primary keys for table types
7/20/2020 5:10:24 PM	Gathering indexes for table types
7/20/2020 5:10:24 PM	Gathering check constraints for table types
7/20/2020 5:10:24 PM	Gathering default constraints for table types
7/20/2020 5:10:24 PM	Gathering partition functions
7/20/2020 5:10:24 PM	Gathering partition schemes
7/20/2020 5:10:24 PM	Gathering functions
7/20/2020 5:10:24 PM	Gathering encrypted functions
7/20/2020 5:10:24 PM	Gathering aggregates
7/20/2020 5:10:24 PM	Gathering procedures
7/20/2020 5:10:24 PM	Gathering encrypted procedures
7/20/2020 5:10:24 PM	Gathering tables
7/20/2020 5:10:24 PM	Gathering primary keys
7/20/2020 5:10:24 PM	Gathering unique constraints
7/20/2020 5:10:24 PM	Gathering foreign keys
7/20/2020 5:10:24 PM	Gathering default constraints
7/20/2020 5:10:24 PM	Gathering check constraints
7/20/2020 5:10:24 PM	Gathering views
7/20/2020 5:10:24 PM	Gathering encrypted views
7/20/2020 5:10:24 PM	Gathering indexes
7/20/2020 5:10:24 PM	Gathering statistics
7/20/2020 5:10:24 PM	Gathering full-text index stoplists
7/20/2020 5:10:24 PM	Gathering search property lists
7/20/2020 5:10:24 PM	Gathering search properties
7/20/2020 5:10:24 PM	Gathering full-text indexes
7/20/2020 5:10:24 PM	Gathering column store indexes
7/20/2020 5:10:24 PM	Gathering spatial indexes
7/20/2020 5:10:24 PM	Gathering XML indexes
7/20/2020 5:10:24 PM	Gathering Selective XML indexes
7/20/2020 5:10:24 PM	Gathering encrypted triggers
7/20/2020 5:10:24 PM	Gathering triggers
7/20/2020 5:10:24 PM	Gathering encrypted and clr ddl triggers
7/20/2020 5:10:24 PM	Gathering ddl triggers
7/20/2020 5:10:24 PM	Gathering synonyms
7/20/2020 5:10:24 PM	Gathering defaults
7/20/2020 5:10:24 PM	Gathering data constraint uddt bindings
7/20/2020 5:10:25 PM	Gathering rules
7/20/2020 5:10:25 PM	Gathering data constraint uddt bindings
7/20/2020 5:10:25 PM	Gathering message types
7/20/2020 5:10:25 PM	Gathering queues
7/20/2020 5:10:25 PM	Gathering contracts
7/20/2020 5:10:25 PM	Gathering services
7/20/2020 5:10:25 PM	Gathering event notifications
7/20/2020 5:10:25 PM	Gathering remote service bindings
7/20/2020 5:10:25 PM	Gathering broker priorities
7/20/2020 5:10:25 PM	Gathering signatures
7/20/2020 5:10:25 PM	Gathering data compression options
7/20/2020 5:10:25 PM	Gathering sequence types
7/20/2020 5:10:25 PM	Gathering security policies
7/20/2020 5:10:25 PM	Gather column encryption keys
7/20/2020 5:10:25 PM	Gathering column master keys
7/20/2020 5:10:25 PM	Gathering external data sources
7/20/2020 5:10:25 PM	Gathering external file formats
7/20/2020 5:10:25 PM	Gathering external tables
7/20/2020 5:10:25 PM	Gathering extended properties
7/20/2020 5:10:25 PM	Gathering credentials
7/20/2020 5:10:25 PM	Gathering logins
7/20/2020 5:10:25 PM	Gathering server audits
7/20/2020 5:10:27 PM	Scanning project for duplicate elements
7/20/2020 5:10:27 PM	Finished duplicate element processing
7/20/2020 5:10:28 PM	Finished importing database.
7/20/2020 5:10:28 PM	A summary of the import was saved to the following location: D:\Faridun's Projects\Faridun's\Back-End\ASP\Database\Database\SQL Database\Import Schema Logs\SQL Database_20200720121015.log
7/20/2020 5:10:28 PM	Click Finish to continue...
